C51 COMPILER V9.01   COMMON                                                                10/02/2018 17:03:48 PAGE 1   


C51 COMPILER V9.01, COMPILATION OF MODULE COMMON
OBJECT MODULE PLACED IN .\Output\Common.obj
COMPILER INVOKED BY: C:\Keil\C51\BIN\C51.EXE Common\Common.c LARGE BROWSE INCDIR(.\Include;.\wifi;.\Code) DEFINE(FOSC_16
                    -0000) DEBUG OBJECTEXTEND PRINT(.\LST\Common.lst) OBJECT(.\Output\Common.obj)

line level    source

   1          /*--------------------------------------------------------------------------------------------------------
             --*/
   2          /*                                                                                                        
             - */
   3          /* Copyright(c) 2016 Nuvoton Technology Corp. All rights reserved.                                        
             - */
   4          /*                                                                                                        
             - */
   5          /*--------------------------------------------------------------------------------------------------------
             --*/
   6          
   7          //********************************************************************************************************
             -***
   8          //  Nuvoton Technoledge Corp. 
   9          //  Website: http://www.nuvoton.com
  10          //  E-Mail : MicroC-8bit@nuvoton.com
  11          //  Date   : Apr/21/2016
  12          //********************************************************************************************************
             -***
  13          
  14          #include "N76E003.h"
  15          #include "Common.h"
  16          #include "Delay.h"
  17          #include "SFR_Macro.h"
  18          #include "Function_define.h"
  19          
  20          //----------------------------------------------------------------------------------
  21          // UART0 baud rate initial setting 
  22          //----------------------------------------------------------------------------------
  23          void InitialUART0_Timer1(UINT32 u32Baudrate)    //T1M = 1, SMOD = 1
  24          {
  25   1              P06_Quasi_Mode;         
  26   1              P07_Quasi_Mode;         
  27   1              
  28   1              SCON = 0x50;            //UART0 Mode1,REN=1,TI=1
  29   1              TMOD |= 0x20;           //Timer1 Mode1
  30   1              
  31   1              set_SMOD;               //UART0 Double Rate Enable
  32   1              set_T1M;
  33   1              clr_BRCK;               //Serial port 0 baud rate clock source = Timer1
  34   1              
  35   1              
  36   1              TH1 = 256 - (1000000/u32Baudrate+1);               /*16 MHz */          
  37   1              
  38   1              set_TR1;
  39   1              set_TI;                                         //For printf function must setting TI = 1
  40   1      }
  41          
  42          
  43          void Send_Data_To_UART0 (UINT8 c)
  44          {
  45   1          TI = 0;
  46   1          SBUF = c;
  47   1          while(TI==0);
C51 COMPILER V9.01   COMMON                                                                10/02/2018 17:03:48 PAGE 2   

  48   1      }
  49          
  50          
  51          //----------------------------------------------------------------------------------
  52          // UART1 baud rate initial setting 
  53          //----------------------------------------------------------------------------------
  54          void InitialUART1_Timer3(UINT32 u32Baudrate) //use timer3 as Baudrate generator
  55          {
  56   1              P02_Quasi_Mode;         
  57   1              P16_Quasi_Mode;         
  58   1              
  59   1              SCON_1 = 0x50;          //UART1 Mode1,REN_1=1,TI_1=1
  60   1              T3CON = 0x08;           //T3PS2=0,T3PS1=0,T3PS0=0(Prescale=1), UART1 in MODE 1
  61   1              clr_BRCK;
  62   1              
  63   1              
  64   1              RH3    = HIBYTE(65536 - (1000000/u32Baudrate)-1);               /*16 MHz */
  65   1              RL3    = LOBYTE(65536 - (1000000/u32Baudrate)-1);                       /*16 MHz */
  66   1              
  67   1              
  68   1              set_TR3;         //Trigger Timer3
  69   1      }
  70          
  71          
  72          
  73          void Send_Data_To_UART1 (UINT8 c)
  74          {
  75   1          TI_1 = 0;
  76   1          SBUF_1 = c;
  77   1          while(TI_1==0);
  78   1      }
  79          
  80          
  81          


MODULE INFORMATION:   STATIC OVERLAYABLE
   CODE SIZE        =    183    ----
   CONSTANT SIZE    =   ----    ----
   XDATA SIZE       =   ----       4
   PDATA SIZE       =   ----    ----
   DATA SIZE        =   ----    ----
   IDATA SIZE       =   ----    ----
   BIT SIZE         =   ----    ----
END OF MODULE INFORMATION.


C51 COMPILATION COMPLETE.  0 WARNING(S),  0 ERROR(S)
