C51 COMPILER V9.01   CUSTOMTIMER                                                           10/02/2018 17:03:47 PAGE 1   


C51 COMPILER V9.01, COMPILATION OF MODULE CUSTOMTIMER
OBJECT MODULE PLACED IN .\Output\customtimer.obj
COMPILER INVOKED BY: C:\Keil\C51\BIN\C51.EXE Code\customtimer.c LARGE BROWSE INCDIR(.\Include;.\wifi;.\Code) DEFINE(FOSC
                    -_160000) DEBUG OBJECTEXTEND PRINT(.\LST\customtimer.lst) OBJECT(.\Output\customtimer.obj)

line level    source

   1          #include "N76E003.h"
   2          #include "SFR_Macro.h"
   3          #include "Function_define.h"
   4          #include "Common.h"
   5          #include "Delay.h"
   6          #include "customtimer.h"
   7          #include "step.h"
   8          
   9          bit BIT_TMP;
  10          bit bxa;
  11          bit bxb;
  12          bit bxc;
  13          bit bxd;
  14          
  15          data volatile  unsigned char pwmcounter=0;
  16          
  17          
  18          
  19          void InitTimer(void)        //sys 1/12;
  20          {
  21   1      //      TMOD &= 0xf0;                   
  22   1      //      TMOD |= 0x02;   
  23   1          TMOD = 0x22; 
  24   1              TL1 = 0;
  25   1              TH1 = 256-42;  //20us;             
  26   1              TL0 = 0;
  27   1              TH0 = (256-42 );   //20us         
  28   1       
  29   1          set_EA; 
  30   1              ET0 = 1; 
  31   1              ET1 = 1;                                             
  32   1              TR0 = 1;
  33   1              TR1 = 1;                                
  34   1      }
  35          
  36          
  37          
  38          void Timer0_ISR(void) interrupt 1
  39          
  40          {
  41   1              if(pwmcounter<pwmxa)
  42   1              {
  43   2                      XA = 1;
  44   2              } else
  45   1              {
  46   2                  XA = 0;
  47   2              }
  48   1      
  49   1              if(pwmcounter<pwmxb)
  50   1              {
  51   2                      XB = 1;
  52   2              } else
  53   1              {
  54   2                  XB = 0;
C51 COMPILER V9.01   CUSTOMTIMER                                                           10/02/2018 17:03:47 PAGE 2   

  55   2              }
  56   1      
  57   1              if(pwmcounter<pwmxc)
  58   1              {
  59   2                      XC = 1;
  60   2              } else
  61   1              {
  62   2                  XC = 0;
  63   2              }
  64   1      
  65   1              if(pwmcounter<pwmxd)
  66   1              {
  67   2                      XD = 1;
  68   2              } else
  69   1              {
  70   2                  XD = 0;
  71   2              }
  72   1      
  73   1              if(pwmcounter<pwmya)
  74   1              {
  75   2                      YA = 1;
  76   2              } else
  77   1              {
  78   2                  YA = 0;
  79   2              }
  80   1      
  81   1              if(pwmcounter<pwmyb)
  82   1              {
  83   2                      YB = 1;
  84   2              } else
  85   1              {
  86   2                  YB = 0;
  87   2              }
  88   1      
  89   1              if(pwmcounter<pwmyc)
  90   1              {
  91   2                      YC = 1;
  92   2              } else
  93   1              {
  94   2                  YC = 0;
  95   2              }
  96   1      
  97   1              if(pwmcounter<pwmyd)
  98   1              {
  99   2                      YD = 1;
 100   2              } else
 101   1              {
 102   2                  YD = 0;
 103   2              }
 104   1      
 105   1              if(pwmcounter<8)
 106   1              {
 107   2              pwmcounter ++;
 108   2              }
 109   1              else
 110   1              {
 111   2              pwmcounter =0;
 112   2              }
 113   1      
 114   1                      TF0 = 0;
 115   1      }
 116          
C51 COMPILER V9.01   CUSTOMTIMER                                                           10/02/2018 17:03:47 PAGE 3   

 117          void Timer1_ISR(void) interrupt 3
 118          {
 119   1      
 120   1              if(nxcounter<nxspeed)
 121   1              nxcounter++;
 122   1              else
 123   1              bxflag = 1;             
 124   1      
 125   1              if(nycounter<nyspeed)
 126   1              nycounter++;
 127   1              else
 128   1              byflag = 1;             
 129   1      
 130   1              TF1 = 0;
 131   1      }
 132          
 133          
 134          //
 135          //void Timer2_Delay500us(unsigned int u32CNT)
 136          //{
 137          //    
 138          //    set_WDCLR;
 139          //    clr_T2DIV2;                               //Timer2 Clock = Fsys/4 
 140          //    clr_T2DIV1;
 141          //    set_T2DIV0;
 142          //    set_TR2;                                          //Start Timer2
 143          //    while (u32CNT != 0)
 144          //    {     
 145          //        TL2 = LOBYTE(TIMER_DIV4_VALUE_100us);         //Find  define in "Function_define.h" "TIMER VALUE"
 146          //        TH2 = HIBYTE(TIMER_DIV4_VALUE_100us);
 147          //        while (TF2 != 1);                             //Check Timer2 Time-Out Flag
 148          //        clr_TF2;
 149          //        u32CNT --;
 150          //    }
 151          //    clr_TR2;                                          //Stop Timer2
 152          //}


MODULE INFORMATION:   STATIC OVERLAYABLE
   CODE SIZE        =    220    ----
   CONSTANT SIZE    =   ----    ----
   XDATA SIZE       =   ----    ----
   PDATA SIZE       =   ----    ----
   DATA SIZE        =      1    ----
   IDATA SIZE       =   ----    ----
   BIT SIZE         =      5    ----
END OF MODULE INFORMATION.


C51 COMPILATION COMPLETE.  0 WARNING(S),  0 ERROR(S)
