C51 COMPILER V9.01   DELAY                                                                 09/13/2018 15:46:04 PAGE 1   


C51 COMPILER V9.01, COMPILATION OF MODULE DELAY
OBJECT MODULE PLACED IN .\Output\Delay.obj
COMPILER INVOKED BY: C:\Keil_v4\C51\BIN\C51.EXE Common\Delay.c LARGE BROWSE INCDIR(.\Include;.\wifi;.\Code) DEFINE(FOSC_
                    -160000) DEBUG OBJECTEXTEND PRINT(.\LST\Delay.lst) OBJECT(.\Output\Delay.obj)

line level    source

   1          /*--------------------------------------------------------------------------------------------------------
             --*/
   2          /*                                                                                                        
             - */
   3          /* Copyright(c) 2016 Nuvoton Technology Corp. All rights reserved.                                        
             - */
   4          /*                                                                                                        
             - */
   5          /*--------------------------------------------------------------------------------------------------------
             --*/
   6          
   7          //********************************************************************************************************
             -***
   8          //  Nuvoton Technoledge Corp. 
   9          //  Website: http://www.nuvoton.com
  10          //  E-Mail : MicroC-8bit@nuvoton.com
  11          //  Date   : Apr/21/2016
  12          //********************************************************************************************************
             -***
  13          
  14          #include "N76E003.h"
  15          #include "Common.h"
  16          #include "Delay.h"
  17          #include "SFR_Macro.h"
  18          #include "Function_define.h"
  19          bit BIT_TMP;
  20          
  21          //------------------------------------------------------------------------------
  22          void Timer2_Delay500us(UINT32 u32CNT)
  23          {
  24   1          
  25   1          set_WDCLR;
  26   1          clr_T2DIV2;                                                                                                                                 //Timer2 Clock = Fsys/4 
  27   1          clr_T2DIV1;
  28   1          set_T2DIV0;
  29   1          set_TR2;                                            //Start Timer2
  30   1          while (u32CNT != 0)
  31   1          {       
  32   2              TL2 = LOBYTE(TIMER_DIV4_VALUE_500us);           //Find  define in "Function_define.h" "TIMER VALUE"
  33   2              TH2 = HIBYTE(TIMER_DIV4_VALUE_500us);
  34   2              while (TF2 != 1);                               //Check Timer2 Time-Out Flag
  35   2              clr_TF2;
  36   2              u32CNT --;
  37   2          }
  38   1          clr_TR2;                                            //Stop Timer2
  39   1      }
  40          //------------------------------------------------------------------------------


MODULE INFORMATION:   STATIC OVERLAYABLE
   CODE SIZE        =    111    ----
   CONSTANT SIZE    =   ----    ----
   XDATA SIZE       =   ----       4
   PDATA SIZE       =   ----    ----
C51 COMPILER V9.01   DELAY                                                                 09/13/2018 15:46:04 PAGE 2   

   DATA SIZE        =   ----    ----
   IDATA SIZE       =   ----    ----
   BIT SIZE         =      1    ----
END OF MODULE INFORMATION.


C51 COMPILATION COMPLETE.  0 WARNING(S),  0 ERROR(S)
