C51 COMPILER V9.01   GPIO                                                                  10/02/2018 17:04:03 PAGE 1   


C51 COMPILER V9.01, COMPILATION OF MODULE GPIO
OBJECT MODULE PLACED IN .\Output\GPIO.obj
COMPILER INVOKED BY: C:\Keil\C51\BIN\C51.EXE Code\GPIO.C LARGE BROWSE INCDIR(.\Include;.\wifi;.\Code) DEFINE(FOSC_160000
                    -) DEBUG OBJECTEXTEND PRINT(.\LST\GPIO.lst) OBJECT(.\Output\GPIO.obj)

line level    source

   1          /*--------------------------------------------------------------------------------------------------------
             --*/
   2          /*                                                                                                        
             - */
   3          /* Copyright(c) 2017 Nuvoton Technology Corp. All rights reserved.                                        
             - */
   4          /*                                                                                                        
             - */
   5          /*--------------------------------------------------------------------------------------------------------
             --*/
   6          
   7          #include "N76E003.h"
   8          #include "SFR_Macro.h"
   9          #include "Function_define.h"
  10          #include "Common.h"
  11          #include "Delay.h"
  12          #include "step.h"
  13          #include "customtimer.h"
  14          #include "struct.h"
  15          #define MAIN
  16          #include "main.h"
  17          #include "draw.h"
  18          #include "stdio.h"
  19          
  20          
  21          
  22          
  23          /*------------------------------------------------
  24          The main C function.  Program execution starts
  25          here after stack initialization.
  26          ------------------------------------------------*/
  27          
  28          
  29          void main (void) 
  30          {
  31   1      
  32   1      
  33   1              InitTimer();
  34   1              GPIO1_PushPull_Mode     ;
  35   1              hs.xspeed =100;
  36   1              hs.yspeed =100;
  37   1              hs.xdes =-640;
  38   1              hs.ydes =-640;
  39   1              xymoveT(&hs);
  40   1              hs.xdes =416;
  41   1              hs.ydes =384;
  42   1              xymoveT(&hs);
  43   1      
  44   1              hfingureInit(&fig)      ;
  45   1      
  46   1      
  47   1              while(1)
  48   1              {
  49   2              selectfig();
C51 COMPILER V9.01   GPIO                                                                  10/02/2018 17:04:03 PAGE 2   

  50   2              }
  51   1      }
  52          
  53          
  54          void hfingureInit(hfingure *hf)
  55          {
  56   1              hf->nSeries = 0;
  57   1              hf->nCurrentCircle = 0;
  58   1              hf->nCurrentPoint = 0;
  59   1              
  60   1              hf->preinterface[0]=0;
  61   1              hf->preinterface[1]=0;
  62   1              
  63   1              hf->radius = 14;
  64   1              hf->xcenter = 8;
  65   1              hf->ycenter = -56;
  66   1      
  67   1              hf->preradius =14;
  68   1              hf->prexcenter =8;
  69   1              hf->preycenter =-56;
  70   1              
  71   1              hf->nfigpoint = 1;      
  72   1      }
  73          
  74          
  75          
  76          
  77          
  78          


MODULE INFORMATION:   STATIC OVERLAYABLE
   CODE SIZE        =    172    ----
   CONSTANT SIZE    =   ----    ----
   XDATA SIZE       =    144    ----
   PDATA SIZE       =   ----    ----
   DATA SIZE        =   ----    ----
   IDATA SIZE       =   ----    ----
   BIT SIZE         =   ----    ----
END OF MODULE INFORMATION.


C51 COMPILATION COMPLETE.  0 WARNING(S),  0 ERROR(S)
