C51 COMPILER V9.01   LINTERFACE                                                            06/22/2018 20:31:09 PAGE 1   


C51 COMPILER V9.01, COMPILATION OF MODULE LINTERFACE
OBJECT MODULE PLACED IN .\Output\linterface.obj
COMPILER INVOKED BY: C:\Keil\C51\BIN\C51.EXE wifi\linterface.c LARGE BROWSE INCDIR(.\Include;.\wifi;.\Code) DEFINE(FOSC_
                    -160000) DEBUG OBJECTEXTEND PRINT(.\LST\linterface.lst) OBJECT(.\Output\linterface.obj)

line level    source

   1          #include "N76E003.h"
   2          #include "Common.h"
   3          #include "SFR_Macro.h"
   4          #include "wifi.h"
   5          UINT8 data S0CNT=0;
   6           
   7           void SerialPort0_ISR(void) interrupt 4 
   8          {
   9   1          if (RI==1) 
  10   1          {                                       /* if reception occur */
  11   2                      clr_RI;  
  12   2                      
  13   2                      if(S0CNT>=23)
  14   2                      {
  15   3                      S0CNT =0;
  16   3                      }
  17   2                      wifi_queue_buf[S0CNT]  = SBUF;
  18   2                      S0CNT++;
  19   2      
  20   2         
  21   2          }
  22   1          if(TI==1)
  23   1          {
  24   2              clr_TI;                             /* if emission occur */
  25   2          }
  26   1      }


MODULE INFORMATION:   STATIC OVERLAYABLE
   CODE SIZE        =     45    ----
   CONSTANT SIZE    =   ----    ----
   XDATA SIZE       =   ----    ----
   PDATA SIZE       =   ----    ----
   DATA SIZE        =      1    ----
   IDATA SIZE       =   ----    ----
   BIT SIZE         =   ----    ----
END OF MODULE INFORMATION.


C51 COMPILATION COMPLETE.  0 WARNING(S),  0 ERROR(S)
