C51 COMPILER V9.01   LOCALINTERFACE                                                        03/29/2018 10:38:22 PAGE 1   


C51 COMPILER V9.01, COMPILATION OF MODULE LOCALINTERFACE
OBJECT MODULE PLACED IN .\Output\localinterface.obj
COMPILER INVOKED BY: C:\Keil\C51\BIN\C51.EXE wifi\localinterface.c LARGE BROWSE INCDIR(.\Include;.\wifi) DEFINE(FOSC_160
                    -000) DEBUG OBJECTEXTEND PRINT(.\LST\localinterface.lst) OBJECT(.\Output\localinterface.obj)

line level    source

   1          #include "N76E003.h"
   2          #include "Common.h"
   3          #include "SFR_Macro.h"
   4          #include "Function_define.h"
   5          #include "wifi.h"
   6          UINT8 data UART0_R;
   7           
   8           void SerialPort0_ISR(void) interrupt 4 
   9          {
  10   1          if (RI==1) 
  11   1          {                                       /* if reception occur */
  12   2               clr_RI;  
  13   2               UART0_R = SBUF;
  14   2                       uart_receive_input(UART0_R) ;                          /* clear reception flag for next reception */
  15   2         
  16   2          }
  17   1          if(TI==1)
  18   1          {
  19   2              clr_TI;                             /* if emission occur */
  20   2          }
  21   1      }


MODULE INFORMATION:   STATIC OVERLAYABLE
   CODE SIZE        =     74    ----
   CONSTANT SIZE    =   ----    ----
   XDATA SIZE       =   ----    ----
   PDATA SIZE       =   ----    ----
   DATA SIZE        =      1    ----
   IDATA SIZE       =   ----    ----
   BIT SIZE         =   ----    ----
END OF MODULE INFORMATION.


C51 COMPILATION COMPLETE.  0 WARNING(S),  0 ERROR(S)
